<?xml version="1.0" encoding="UTF-8"?>
<testng-results ignored="0" total="1" passed="1" failed="0" skipped="0">
  <reporter-output>
  </reporter-output>
  <suite started-at="2021-07-30T02:30:05 IST" name="Default suite" finished-at="2021-07-30T02:30:10 IST" duration-ms="5024">
    <groups>
    </groups>
    <test started-at="2021-07-30T02:30:05 IST" name="Default test" finished-at="2021-07-30T02:30:10 IST" duration-ms="5024">
      <class name="AutomationPackage.CheckMouseHover$CheckTitle">
        <test-method signature="setUpBrowser()[pri:0, instance:AutomationPackage.CheckMouseHover$CheckTitle@12b0404f]" started-at="2021-07-30T02:30:05 IST" name="setUpBrowser" finished-at="2021-07-30T02:30:10 IST" duration-ms="4949" status="PASS">
          <reporter-output>
          </reporter-output>
        </test-method> <!-- setUpBrowser -->
      </class> <!-- AutomationPackage.CheckMouseHover$CheckTitle -->
    </test> <!-- Default test -->
  </suite> <!-- Default suite -->
</testng-results>
